c:\users\msı\source\repos\rustscrıpt\rustscrıpt\x64\release\vc142.pdb
c:\users\msı\source\repos\rustscrıpt\rustscrıpt\x64\release\maın.obj
c:\users\msı\source\repos\rustscrıpt\rustscrıpt\x64\release\ımguı_wıdgets.obj
c:\users\msı\source\repos\rustscrıpt\rustscrıpt\x64\release\ımguı_tables.obj
c:\users\msı\source\repos\rustscrıpt\rustscrıpt\x64\release\ımguı_ımpl_wın32.obj
c:\users\msı\source\repos\rustscrıpt\rustscrıpt\x64\release\ımguı_ımpl_dx9.obj
c:\users\msı\source\repos\rustscrıpt\rustscrıpt\x64\release\ımguı_draw.obj
c:\users\msı\source\repos\rustscrıpt\rustscrıpt\x64\release\ımguı_demo.obj
c:\users\msı\source\repos\rustscrıpt\rustscrıpt\x64\release\ımguı.obj
c:\users\msı\source\repos\rustscrıpt\x64\release\rustscrıpt.exe
c:\users\msı\source\repos\rustscrıpt\rustscrıpt\x64\release\rustscrıpt.ıpdb
c:\users\msı\source\repos\rustscrıpt\rustscrıpt\x64\release\rustscrıpt.ıobj
c:\users\msı\source\repos\rustscrıpt\x64\release\rustscrıpt.pdb
c:\users\msi\source\repos\rustscript\rustscript\x64\release\imgui.obj
c:\users\msi\source\repos\rustscript\rustscript\x64\release\imgui_demo.obj
c:\users\msi\source\repos\rustscript\rustscript\x64\release\imgui_draw.obj
c:\users\msi\source\repos\rustscript\rustscript\x64\release\imgui_impl_dx9.obj
c:\users\msi\source\repos\rustscript\rustscript\x64\release\imgui_impl_win32.obj
c:\users\msi\source\repos\rustscript\rustscript\x64\release\imgui_tables.obj
c:\users\msi\source\repos\rustscript\rustscript\x64\release\imgui_widgets.obj
c:\users\msi\source\repos\rustscript\rustscript\x64\release\main.obj
c:\users\msi\source\repos\rustscript\rustscript\x64\release\rustscript.ipdb
c:\users\msi\source\repos\rustscript\rustscript\x64\release\rustscript.iobj
c:\users\msi\source\repos\rustscript\rustscript\x64\release\vc142.pdb
c:\users\msi\source\repos\rustscript\x64\release\rustscript.pdb
c:\users\msi\source\repos\rustscript\x64\release\rustscript.exe
c:\users\msi\source\repos\rustscript\rustscript\x64\release\rustscript.tlog\cl.command.1.tlog
c:\users\msi\source\repos\rustscript\rustscript\x64\release\rustscript.tlog\cl.read.1.tlog
c:\users\msi\source\repos\rustscript\rustscript\x64\release\rustscript.tlog\cl.write.1.tlog
c:\users\msi\source\repos\rustscript\rustscript\x64\release\rustscript.tlog\link.command.1.tlog
c:\users\msi\source\repos\rustscript\rustscript\x64\release\rustscript.tlog\link.read.1.tlog
c:\users\msi\source\repos\rustscript\rustscript\x64\release\rustscript.tlog\link.write.1.tlog
